{"/home/arthur/Desktop/redux-starter/redux-starter/src/math.js": {"path":"/home/arthur/Desktop/redux-starter/redux-starter/src/math.js","statementMap":{"0":{"start":{"line":1,"column":22},"end":{"line":1,"column":50}},"1":{"start":{"line":1,"column":34},"end":{"line":1,"column":50}}},"fnMap":{"0":{"name":"(anonymous_0)","decl":{"start":{"line":1,"column":22},"end":{"line":1,"column":23}},"loc":{"start":{"line":1,"column":34},"end":{"line":1,"column":50}},"line":1}},"branchMap":{},"s":{"0":1,"1":2},"f":{"0":2},"b":{},"_coverageSchema":"1a1c01bbd47fc00a2c39e90264f33305004495a9","hash":"419e164f6619c1b48a812fdabe4e3fe8fb2b7e37"}
,"/home/arthur/Desktop/redux-starter/redux-starter/src/store/api.js": {"path":"/home/arthur/Desktop/redux-starter/redux-starter/src/store/api.js","statementMap":{"0":{"start":{"line":3,"column":28},"end":{"line":3,"column":57}},"1":{"start":{"line":4,"column":29},"end":{"line":4,"column":59}},"2":{"start":{"line":5,"column":30},"end":{"line":5,"column":62}}},"fnMap":{},"branchMap":{},"s":{"0":1,"1":1,"2":1},"f":{},"b":{},"_coverageSchema":"1a1c01bbd47fc00a2c39e90264f33305004495a9","hash":"c8f7dc09bc4306fd6efabdf9c795a56f78f0725d"}
,"/home/arthur/Desktop/redux-starter/redux-starter/src/store/bugs.js": {"path":"/home/arthur/Desktop/redux-starter/redux-starter/src/store/bugs.js","statementMap":{"0":{"start":{"line":6,"column":13},"end":{"line":6,"column":14}},"1":{"start":{"line":8,"column":14},"end":{"line":53,"column":2}},"2":{"start":{"line":22,"column":6},"end":{"line":22,"column":26}},"3":{"start":{"line":26,"column":6},"end":{"line":26,"column":33}},"4":{"start":{"line":27,"column":6},"end":{"line":27,"column":27}},"5":{"start":{"line":28,"column":6},"end":{"line":28,"column":34}},"6":{"start":{"line":32,"column":6},"end":{"line":32,"column":27}},"7":{"start":{"line":37,"column":6},"end":{"line":37,"column":37}},"8":{"start":{"line":40,"column":20},"end":{"line":40,"column":78}},"9":{"start":{"line":40,"column":49},"end":{"line":40,"column":77}},"10":{"start":{"line":41,"column":6},"end":{"line":41,"column":33}},"11":{"start":{"line":44,"column":20},"end":{"line":44,"column":78}},"12":{"start":{"line":44,"column":49},"end":{"line":44,"column":77}},"13":{"start":{"line":45,"column":6},"end":{"line":45,"column":39}},"14":{"start":{"line":48,"column":36},"end":{"line":48,"column":50}},"15":{"start":{"line":49,"column":20},"end":{"line":49,"column":66}},"16":{"start":{"line":49,"column":49},"end":{"line":49,"column":65}},"17":{"start":{"line":50,"column":6},"end":{"line":50,"column":39}},"18":{"start":{"line":64,"column":4},"end":{"line":64,"column":17}},"19":{"start":{"line":70,"column":12},"end":{"line":70,"column":19}},"20":{"start":{"line":72,"column":24},"end":{"line":86,"column":1}},"21":{"start":{"line":72,"column":30},"end":{"line":86,"column":1}},"22":{"start":{"line":73,"column":24},"end":{"line":73,"column":48}},"23":{"start":{"line":75,"column":24},"end":{"line":75,"column":67}},"24":{"start":{"line":76,"column":2},"end":{"line":76,"column":33}},"25":{"start":{"line":76,"column":26},"end":{"line":76,"column":33}},"26":{"start":{"line":78,"column":2},"end":{"line":85,"column":4}},"27":{"start":{"line":98,"column":22},"end":{"line":104,"column":4}},"28":{"start":{"line":99,"column":2},"end":{"line":104,"column":4}},"29":{"start":{"line":106,"column":26},"end":{"line":112,"column":4}},"30":{"start":{"line":107,"column":2},"end":{"line":112,"column":4}},"31":{"start":{"line":114,"column":31},"end":{"line":122,"column":4}},"32":{"start":{"line":115,"column":2},"end":{"line":122,"column":4}},"33":{"start":{"line":136,"column":33},"end":{"line":140,"column":1}},"34":{"start":{"line":137,"column":13},"end":{"line":137,"column":37}},"35":{"start":{"line":138,"column":13},"end":{"line":138,"column":36}},"36":{"start":{"line":139,"column":22},"end":{"line":139,"column":57}},"37":{"start":{"line":139,"column":43},"end":{"line":139,"column":56}},"38":{"start":{"line":142,"column":29},"end":{"line":146,"column":3}},"39":{"start":{"line":143,"column":2},"end":{"line":146,"column":3}},"40":{"start":{"line":144,"column":15},"end":{"line":144,"column":39}},"41":{"start":{"line":145,"column":14},"end":{"line":145,"column":57}},"42":{"start":{"line":145,"column":35},"end":{"line":145,"column":56}}},"fnMap":{"0":{"name":"(anonymous_0)","decl":{"start":{"line":21,"column":19},"end":{"line":21,"column":20}},"loc":{"start":{"line":21,"column":37},"end":{"line":23,"column":5}},"line":21},"1":{"name":"(anonymous_1)","decl":{"start":{"line":25,"column":18},"end":{"line":25,"column":19}},"loc":{"start":{"line":25,"column":36},"end":{"line":29,"column":5}},"line":25},"2":{"name":"(anonymous_2)","decl":{"start":{"line":31,"column":23},"end":{"line":31,"column":24}},"loc":{"start":{"line":31,"column":41},"end":{"line":33,"column":5}},"line":31},"3":{"name":"(anonymous_3)","decl":{"start":{"line":36,"column":14},"end":{"line":36,"column":15}},"loc":{"start":{"line":36,"column":32},"end":{"line":38,"column":5}},"line":36},"4":{"name":"(anonymous_4)","decl":{"start":{"line":39,"column":16},"end":{"line":39,"column":17}},"loc":{"start":{"line":39,"column":34},"end":{"line":42,"column":5}},"line":39},"5":{"name":"(anonymous_5)","decl":{"start":{"line":40,"column":40},"end":{"line":40,"column":41}},"loc":{"start":{"line":40,"column":49},"end":{"line":40,"column":77}},"line":40},"6":{"name":"(anonymous_6)","decl":{"start":{"line":43,"column":17},"end":{"line":43,"column":18}},"loc":{"start":{"line":43,"column":35},"end":{"line":46,"column":5}},"line":43},"7":{"name":"(anonymous_7)","decl":{"start":{"line":44,"column":40},"end":{"line":44,"column":41}},"loc":{"start":{"line":44,"column":49},"end":{"line":44,"column":77}},"line":44},"8":{"name":"(anonymous_8)","decl":{"start":{"line":47,"column":23},"end":{"line":47,"column":24}},"loc":{"start":{"line":47,"column":41},"end":{"line":51,"column":5}},"line":47},"9":{"name":"(anonymous_9)","decl":{"start":{"line":49,"column":40},"end":{"line":49,"column":41}},"loc":{"start":{"line":49,"column":49},"end":{"line":49,"column":65}},"line":49},"10":{"name":"(anonymous_10)","decl":{"start":{"line":72,"column":24},"end":{"line":72,"column":25}},"loc":{"start":{"line":72,"column":30},"end":{"line":86,"column":1}},"line":72},"11":{"name":"(anonymous_11)","decl":{"start":{"line":72,"column":30},"end":{"line":72,"column":31}},"loc":{"start":{"line":72,"column":54},"end":{"line":86,"column":1}},"line":72},"12":{"name":"(anonymous_12)","decl":{"start":{"line":98,"column":22},"end":{"line":98,"column":23}},"loc":{"start":{"line":99,"column":2},"end":{"line":104,"column":4}},"line":99},"13":{"name":"(anonymous_13)","decl":{"start":{"line":106,"column":26},"end":{"line":106,"column":27}},"loc":{"start":{"line":107,"column":2},"end":{"line":112,"column":4}},"line":107},"14":{"name":"(anonymous_14)","decl":{"start":{"line":114,"column":31},"end":{"line":114,"column":32}},"loc":{"start":{"line":115,"column":2},"end":{"line":122,"column":4}},"line":115},"15":{"name":"(anonymous_15)","decl":{"start":{"line":137,"column":2},"end":{"line":137,"column":3}},"loc":{"start":{"line":137,"column":13},"end":{"line":137,"column":37}},"line":137},"16":{"name":"(anonymous_16)","decl":{"start":{"line":138,"column":2},"end":{"line":138,"column":3}},"loc":{"start":{"line":138,"column":13},"end":{"line":138,"column":36}},"line":138},"17":{"name":"(anonymous_17)","decl":{"start":{"line":139,"column":2},"end":{"line":139,"column":3}},"loc":{"start":{"line":139,"column":22},"end":{"line":139,"column":57}},"line":139},"18":{"name":"(anonymous_18)","decl":{"start":{"line":139,"column":34},"end":{"line":139,"column":35}},"loc":{"start":{"line":139,"column":43},"end":{"line":139,"column":56}},"line":139},"19":{"name":"(anonymous_19)","decl":{"start":{"line":142,"column":29},"end":{"line":142,"column":30}},"loc":{"start":{"line":143,"column":2},"end":{"line":146,"column":3}},"line":143},"20":{"name":"(anonymous_20)","decl":{"start":{"line":144,"column":4},"end":{"line":144,"column":5}},"loc":{"start":{"line":144,"column":15},"end":{"line":144,"column":39}},"line":144},"21":{"name":"(anonymous_21)","decl":{"start":{"line":145,"column":4},"end":{"line":145,"column":5}},"loc":{"start":{"line":145,"column":14},"end":{"line":145,"column":57}},"line":145},"22":{"name":"(anonymous_22)","decl":{"start":{"line":145,"column":26},"end":{"line":145,"column":27}},"loc":{"start":{"line":145,"column":35},"end":{"line":145,"column":56}},"line":145}},"branchMap":{"0":{"loc":{"start":{"line":76,"column":2},"end":{"line":76,"column":33}},"type":"if","locations":[{"start":{"line":76,"column":2},"end":{"line":76,"column":33}},{"start":{},"end":{}}],"line":76}},"s":{"0":1,"1":1,"2":5,"3":4,"4":4,"5":4,"6":1,"7":4,"8":0,"9":0,"10":0,"11":1,"12":1,"13":1,"14":0,"15":0,"16":0,"17":0,"18":1,"19":1,"20":1,"21":6,"22":6,"23":6,"24":6,"25":1,"26":5,"27":1,"28":6,"29":1,"30":2,"31":1,"32":0,"33":1,"34":1,"35":1,"36":1,"37":3,"38":1,"39":0,"40":0,"41":0,"42":0},"f":{"0":5,"1":4,"2":1,"3":4,"4":0,"5":0,"6":1,"7":1,"8":0,"9":0,"10":6,"11":6,"12":6,"13":2,"14":0,"15":1,"16":1,"17":1,"18":3,"19":0,"20":0,"21":0,"22":0},"b":{"0":[1,5]},"_coverageSchema":"1a1c01bbd47fc00a2c39e90264f33305004495a9","hash":"b722758e3ce10eb45b71289854d33e8075d8fb2d"}
,"/home/arthur/Desktop/redux-starter/redux-starter/src/store/configureStore.js": {"path":"/home/arthur/Desktop/redux-starter/redux-starter/src/store/configureStore.js","statementMap":{"0":{"start":{"line":15,"column":2},"end":{"line":23,"column":5}}},"fnMap":{"0":{"name":"(anonymous_0)","decl":{"start":{"line":14,"column":15},"end":{"line":14,"column":16}},"loc":{"start":{"line":14,"column":27},"end":{"line":24,"column":1}},"line":14}},"branchMap":{},"s":{"0":12},"f":{"0":12},"b":{},"_coverageSchema":"1a1c01bbd47fc00a2c39e90264f33305004495a9","hash":"0e1cfaa229c4e5aa9391d1ff2665ce5485140755"}
,"/home/arthur/Desktop/redux-starter/redux-starter/src/store/entities.js": {"path":"/home/arthur/Desktop/redux-starter/redux-starter/src/store/entities.js","statementMap":{},"fnMap":{},"branchMap":{},"s":{},"f":{},"b":{},"_coverageSchema":"1a1c01bbd47fc00a2c39e90264f33305004495a9","hash":"fbc37510608b62292d3152f33370dd1b6c2ef6b7"}
,"/home/arthur/Desktop/redux-starter/redux-starter/src/store/projects.js": {"path":"/home/arthur/Desktop/redux-starter/redux-starter/src/store/projects.js","statementMap":{"0":{"start":{"line":3,"column":13},"end":{"line":3,"column":14}},"1":{"start":{"line":5,"column":14},"end":{"line":22,"column":2}},"2":{"start":{"line":10,"column":6},"end":{"line":13,"column":9}},"3":{"start":{"line":16,"column":20},"end":{"line":18,"column":7}},"4":{"start":{"line":17,"column":21},"end":{"line":17,"column":53}},"5":{"start":{"line":19,"column":6},"end":{"line":19,"column":31}},"6":{"start":{"line":24,"column":48},"end":{"line":24,"column":61}}},"fnMap":{"0":{"name":"(anonymous_0)","decl":{"start":{"line":9,"column":18},"end":{"line":9,"column":19}},"loc":{"start":{"line":9,"column":39},"end":{"line":14,"column":5}},"line":9},"1":{"name":"(anonymous_1)","decl":{"start":{"line":15,"column":20},"end":{"line":15,"column":21}},"loc":{"start":{"line":15,"column":41},"end":{"line":20,"column":5}},"line":15},"2":{"name":"(anonymous_2)","decl":{"start":{"line":17,"column":8},"end":{"line":17,"column":9}},"loc":{"start":{"line":17,"column":21},"end":{"line":17,"column":53}},"line":17}},"branchMap":{},"s":{"0":1,"1":1,"2":0,"3":0,"4":0,"5":0,"6":1},"f":{"0":0,"1":0,"2":0},"b":{},"_coverageSchema":"1a1c01bbd47fc00a2c39e90264f33305004495a9","hash":"55351527bbad7e64684aa6455a242defc3611b8c"}
,"/home/arthur/Desktop/redux-starter/redux-starter/src/store/reducer.js": {"path":"/home/arthur/Desktop/redux-starter/redux-starter/src/store/reducer.js","statementMap":{},"fnMap":{},"branchMap":{},"s":{},"f":{},"b":{},"_coverageSchema":"1a1c01bbd47fc00a2c39e90264f33305004495a9","hash":"62cc93a3f7e4287bc65aa942476173f33280119b"}
,"/home/arthur/Desktop/redux-starter/redux-starter/src/store/users.js": {"path":"/home/arthur/Desktop/redux-starter/redux-starter/src/store/users.js","statementMap":{"0":{"start":{"line":3,"column":13},"end":{"line":3,"column":14}},"1":{"start":{"line":5,"column":14},"end":{"line":16,"column":2}},"2":{"start":{"line":10,"column":6},"end":{"line":13,"column":9}},"3":{"start":{"line":18,"column":29},"end":{"line":18,"column":42}}},"fnMap":{"0":{"name":"(anonymous_0)","decl":{"start":{"line":9,"column":15},"end":{"line":9,"column":16}},"loc":{"start":{"line":9,"column":34},"end":{"line":14,"column":5}},"line":9}},"branchMap":{},"s":{"0":1,"1":1,"2":0,"3":1},"f":{"0":0},"b":{},"_coverageSchema":"1a1c01bbd47fc00a2c39e90264f33305004495a9","hash":"791980604218ed365f8f7d58d5cacd63d5c18919"}
,"/home/arthur/Desktop/redux-starter/redux-starter/src/store/middleware/api.js": {"path":"/home/arthur/Desktop/redux-starter/redux-starter/src/store/middleware/api.js","statementMap":{"0":{"start":{"line":5,"column":2},"end":{"line":30,"column":3}},"1":{"start":{"line":6,"column":2},"end":{"line":30,"column":3}},"2":{"start":{"line":7,"column":2},"end":{"line":30,"column":3}},"3":{"start":{"line":8,"column":4},"end":{"line":8,"column":71}},"4":{"start":{"line":8,"column":51},"end":{"line":8,"column":71}},"5":{"start":{"line":9,"column":63},"end":{"line":9,"column":77}},"6":{"start":{"line":10,"column":4},"end":{"line":10,"column":45}},"7":{"start":{"line":10,"column":17},"end":{"line":10,"column":45}},"8":{"start":{"line":11,"column":4},"end":{"line":11,"column":17}},"9":{"start":{"line":13,"column":4},"end":{"line":29,"column":5}},"10":{"start":{"line":14,"column":23},"end":{"line":19,"column":8}},"11":{"start":{"line":21,"column":6},"end":{"line":21,"column":54}},"12":{"start":{"line":23,"column":6},"end":{"line":23,"column":60}},"13":{"start":{"line":26,"column":6},"end":{"line":26,"column":53}},"14":{"start":{"line":28,"column":6},"end":{"line":28,"column":71}},"15":{"start":{"line":28,"column":19},"end":{"line":28,"column":71}}},"fnMap":{"0":{"name":"(anonymous_0)","decl":{"start":{"line":5,"column":2},"end":{"line":5,"column":3}},"loc":{"start":{"line":6,"column":2},"end":{"line":30,"column":3}},"line":6},"1":{"name":"(anonymous_1)","decl":{"start":{"line":6,"column":2},"end":{"line":6,"column":3}},"loc":{"start":{"line":7,"column":2},"end":{"line":30,"column":3}},"line":7},"2":{"name":"(anonymous_2)","decl":{"start":{"line":7,"column":2},"end":{"line":7,"column":3}},"loc":{"start":{"line":7,"column":20},"end":{"line":30,"column":3}},"line":7}},"branchMap":{"0":{"loc":{"start":{"line":8,"column":4},"end":{"line":8,"column":71}},"type":"if","locations":[{"start":{"line":8,"column":4},"end":{"line":8,"column":71}},{"start":{},"end":{}}],"line":8},"1":{"loc":{"start":{"line":10,"column":4},"end":{"line":10,"column":45}},"type":"if","locations":[{"start":{"line":10,"column":4},"end":{"line":10,"column":45}},{"start":{},"end":{}}],"line":10},"2":{"loc":{"start":{"line":28,"column":6},"end":{"line":28,"column":71}},"type":"if","locations":[{"start":{"line":28,"column":6},"end":{"line":28,"column":71}},{"start":{},"end":{}}],"line":28}},"s":{"0":1,"1":12,"2":12,"3":39,"4":27,"5":12,"6":12,"7":5,"8":12,"9":12,"10":12,"11":9,"12":9,"13":3,"14":3,"15":1},"f":{"0":12,"1":12,"2":39},"b":{"0":[27,12],"1":[5,7],"2":[1,2]},"_coverageSchema":"1a1c01bbd47fc00a2c39e90264f33305004495a9","hash":"1ea9ac5e7ca3ca513e2ee3826a7e2250c01151ab"}
,"/home/arthur/Desktop/redux-starter/redux-starter/src/store/middleware/logger.js": {"path":"/home/arthur/Desktop/redux-starter/redux-starter/src/store/middleware/logger.js","statementMap":{"0":{"start":{"line":1,"column":15},"end":{"line":4,"column":1}},"1":{"start":{"line":1,"column":26},"end":{"line":4,"column":1}},"2":{"start":{"line":1,"column":37},"end":{"line":4,"column":1}},"3":{"start":{"line":1,"column":47},"end":{"line":4,"column":1}},"4":{"start":{"line":2,"column":2},"end":{"line":2,"column":32}},"5":{"start":{"line":3,"column":2},"end":{"line":3,"column":22}}},"fnMap":{"0":{"name":"(anonymous_0)","decl":{"start":{"line":1,"column":15},"end":{"line":1,"column":16}},"loc":{"start":{"line":1,"column":26},"end":{"line":4,"column":1}},"line":1},"1":{"name":"(anonymous_1)","decl":{"start":{"line":1,"column":26},"end":{"line":1,"column":27}},"loc":{"start":{"line":1,"column":37},"end":{"line":4,"column":1}},"line":1},"2":{"name":"(anonymous_2)","decl":{"start":{"line":1,"column":37},"end":{"line":1,"column":38}},"loc":{"start":{"line":1,"column":47},"end":{"line":4,"column":1}},"line":1},"3":{"name":"(anonymous_3)","decl":{"start":{"line":1,"column":47},"end":{"line":1,"column":48}},"loc":{"start":{"line":1,"column":59},"end":{"line":4,"column":1}},"line":1}},"branchMap":{},"s":{"0":1,"1":0,"2":0,"3":0,"4":0,"5":0},"f":{"0":0,"1":0,"2":0,"3":0},"b":{},"_coverageSchema":"1a1c01bbd47fc00a2c39e90264f33305004495a9","hash":"6b0c2891168139d7784aa214dbc1a3c6fb5de352"}
,"/home/arthur/Desktop/redux-starter/redux-starter/src/store/middleware/toast.js": {"path":"/home/arthur/Desktop/redux-starter/redux-starter/src/store/middleware/toast.js","statementMap":{"0":{"start":{"line":1,"column":14},"end":{"line":7,"column":1}},"1":{"start":{"line":1,"column":25},"end":{"line":7,"column":1}},"2":{"start":{"line":1,"column":35},"end":{"line":7,"column":1}},"3":{"start":{"line":2,"column":2},"end":{"line":6,"column":3}},"4":{"start":{"line":3,"column":4},"end":{"line":3,"column":52}},"5":{"start":{"line":5,"column":4},"end":{"line":5,"column":24}}},"fnMap":{"0":{"name":"(anonymous_0)","decl":{"start":{"line":1,"column":14},"end":{"line":1,"column":15}},"loc":{"start":{"line":1,"column":25},"end":{"line":7,"column":1}},"line":1},"1":{"name":"(anonymous_1)","decl":{"start":{"line":1,"column":25},"end":{"line":1,"column":26}},"loc":{"start":{"line":1,"column":35},"end":{"line":7,"column":1}},"line":1},"2":{"name":"(anonymous_2)","decl":{"start":{"line":1,"column":35},"end":{"line":1,"column":36}},"loc":{"start":{"line":1,"column":47},"end":{"line":7,"column":1}},"line":1}},"branchMap":{"0":{"loc":{"start":{"line":2,"column":2},"end":{"line":6,"column":3}},"type":"if","locations":[{"start":{"line":2,"column":2},"end":{"line":6,"column":3}},{"start":{"line":4,"column":9},"end":{"line":6,"column":3}}],"line":2}},"s":{"0":1,"1":12,"2":12,"3":39,"4":0,"5":39},"f":{"0":12,"1":12,"2":39},"b":{"0":[0,39]},"_coverageSchema":"1a1c01bbd47fc00a2c39e90264f33305004495a9","hash":"bdc0aa182c3dd2270a945b3cda503562674d1596"}
}
