TN:
SF:src/math.js
FN:1,(anonymous_0)
FNF:1
FNH:1
FNDA:2,(anonymous_0)
DA:1,2
LF:1
LH:1
BRF:0
BRH:0
end_of_record
TN:
SF:src/store/api.js
FNF:0
FNH:0
DA:3,1
DA:4,1
DA:5,1
LF:3
LH:3
BRF:0
BRH:0
end_of_record
TN:
SF:src/store/bugs.js
FN:21,(anonymous_0)
FN:25,(anonymous_1)
FN:31,(anonymous_2)
FN:36,(anonymous_3)
FN:39,(anonymous_4)
FN:40,(anonymous_5)
FN:43,(anonymous_6)
FN:44,(anonymous_7)
FN:47,(anonymous_8)
FN:49,(anonymous_9)
FN:72,(anonymous_10)
FN:72,(anonymous_11)
FN:98,(anonymous_12)
FN:106,(anonymous_13)
FN:114,(anonymous_14)
FN:137,(anonymous_15)
FN:138,(anonymous_16)
FN:139,(anonymous_17)
FN:139,(anonymous_18)
FN:142,(anonymous_19)
FN:144,(anonymous_20)
FN:145,(anonymous_21)
FN:145,(anonymous_22)
FNF:23
FNH:14
FNDA:5,(anonymous_0)
FNDA:4,(anonymous_1)
FNDA:1,(anonymous_2)
FNDA:4,(anonymous_3)
FNDA:0,(anonymous_4)
FNDA:0,(anonymous_5)
FNDA:1,(anonymous_6)
FNDA:1,(anonymous_7)
FNDA:0,(anonymous_8)
FNDA:0,(anonymous_9)
FNDA:6,(anonymous_10)
FNDA:6,(anonymous_11)
FNDA:6,(anonymous_12)
FNDA:2,(anonymous_13)
FNDA:0,(anonymous_14)
FNDA:1,(anonymous_15)
FNDA:1,(anonymous_16)
FNDA:1,(anonymous_17)
FNDA:3,(anonymous_18)
FNDA:0,(anonymous_19)
FNDA:0,(anonymous_20)
FNDA:0,(anonymous_21)
FNDA:0,(anonymous_22)
DA:6,1
DA:8,1
DA:22,5
DA:26,4
DA:27,4
DA:28,4
DA:32,1
DA:37,4
DA:40,0
DA:41,0
DA:44,1
DA:45,1
DA:48,0
DA:49,0
DA:50,0
DA:64,1
DA:70,1
DA:72,6
DA:73,6
DA:75,6
DA:76,6
DA:78,5
DA:98,1
DA:99,6
DA:106,1
DA:107,2
DA:114,1
DA:115,0
DA:136,1
DA:137,1
DA:138,1
DA:139,3
DA:142,1
DA:143,0
DA:144,0
DA:145,0
LF:36
LH:27
BRDA:76,0,0,1
BRDA:76,0,1,5
BRF:2
BRH:2
end_of_record
TN:
SF:src/store/configureStore.js
FN:14,(anonymous_0)
FNF:1
FNH:1
FNDA:12,(anonymous_0)
DA:15,12
LF:1
LH:1
BRF:0
BRH:0
end_of_record
TN:
SF:src/store/entities.js
FNF:0
FNH:0
LF:0
LH:0
BRF:0
BRH:0
end_of_record
TN:
SF:src/store/projects.js
FN:9,(anonymous_0)
FN:15,(anonymous_1)
FN:17,(anonymous_2)
FNF:3
FNH:0
FNDA:0,(anonymous_0)
FNDA:0,(anonymous_1)
FNDA:0,(anonymous_2)
DA:3,1
DA:5,1
DA:10,0
DA:16,0
DA:17,0
DA:19,0
DA:24,1
LF:7
LH:3
BRF:0
BRH:0
end_of_record
TN:
SF:src/store/reducer.js
FNF:0
FNH:0
LF:0
LH:0
BRF:0
BRH:0
end_of_record
TN:
SF:src/store/users.js
FN:9,(anonymous_0)
FNF:1
FNH:0
FNDA:0,(anonymous_0)
DA:3,1
DA:5,1
DA:10,0
DA:18,1
LF:4
LH:3
BRF:0
BRH:0
end_of_record
TN:
SF:src/store/middleware/api.js
FN:5,(anonymous_0)
FN:6,(anonymous_1)
FN:7,(anonymous_2)
FNF:3
FNH:3
FNDA:12,(anonymous_0)
FNDA:12,(anonymous_1)
FNDA:39,(anonymous_2)
DA:5,1
DA:6,12
DA:7,12
DA:8,39
DA:9,12
DA:10,12
DA:11,12
DA:13,12
DA:14,12
DA:21,9
DA:23,9
DA:26,3
DA:28,3
LF:13
LH:13
BRDA:8,0,0,27
BRDA:8,0,1,12
BRDA:10,1,0,5
BRDA:10,1,1,7
BRDA:28,2,0,1
BRDA:28,2,1,2
BRF:6
BRH:6
end_of_record
TN:
SF:src/store/middleware/logger.js
FN:1,(anonymous_0)
FN:1,(anonymous_1)
FN:1,(anonymous_2)
FN:1,(anonymous_3)
FNF:4
FNH:0
FNDA:0,(anonymous_0)
FNDA:0,(anonymous_1)
FNDA:0,(anonymous_2)
FNDA:0,(anonymous_3)
DA:1,1
DA:2,0
DA:3,0
LF:3
LH:1
BRF:0
BRH:0
end_of_record
TN:
SF:src/store/middleware/toast.js
FN:1,(anonymous_0)
FN:1,(anonymous_1)
FN:1,(anonymous_2)
FNF:3
FNH:3
FNDA:12,(anonymous_0)
FNDA:12,(anonymous_1)
FNDA:39,(anonymous_2)
DA:1,12
DA:2,39
DA:3,0
DA:5,39
LF:4
LH:3
BRDA:2,0,0,0
BRDA:2,0,1,39
BRF:2
BRH:1
end_of_record
